2025-09-09 19:12:02.640 | INFO     | utils_logger:<module>:41 - Logging to file: logs\project_log.log
2025-09-09 19:12:02.640 | INFO     | __main__:main:99 - Starting CSV fetch demonstration...
2025-09-09 19:12:02.640 | INFO     | __main__:fetch_csv_file:56 - Fetching CSV data from https://raw.githubusercontent.com/openvolley/R_workshop_2022/refs/heads/master/example_data/NCAA_D1W_2019.csv...
2025-09-09 19:12:03.383 | INFO     | __main__:write_csv_file:81 - Writing CSV data to karlidean_data\2019_NCAA_Womens_Volleyball.csv
2025-09-09 19:12:03.420 | INFO     | __main__:write_csv_file:85 - SUCCESS: CSV data written to karlidean_data\2019_NCAA_Womens_Volleyball.csv
2025-09-09 19:12:03.421 | INFO     | __main__:fetch_csv_file:60 - SUCCESS: CSV file fetched and saved as 2019_NCAA_Womens_Volleyball.csv
2025-09-09 19:18:02.567 | INFO     | utils_logger:<module>:41 - Logging to file: logs\project_log.log
2025-09-09 19:18:02.567 | INFO     | __main__:main:99 - Starting CSV fetch demonstration...
2025-09-09 19:18:02.568 | INFO     | __main__:fetch_csv_file:56 - Fetching CSV data from https://raw.githubusercontent.com/openvolley/R_workshop_2022/refs/heads/master/example_data/NCAA_D1W_2019.csv...
2025-09-09 19:18:03.254 | INFO     | __main__:write_csv_file:81 - Writing CSV data to karlidean_data\2019_NCAA_Womens_Volleyball.csv
2025-09-09 19:23:03.524 | INFO     | utils_logger:<module>:41 - Logging to file: logs\project_log.log
2025-09-09 19:23:03.524 | INFO     | __main__:main:99 - Starting CSV fetch demonstration...
2025-09-09 19:23:03.524 | INFO     | __main__:fetch_csv_file:56 - Fetching CSV data from https://raw.githubusercontent.com/openvolley/R_workshop_2022/refs/heads/master/example_data/NCAA_D1W_2019.csv...
2025-09-09 19:23:04.189 | INFO     | __main__:write_csv_file:81 - Writing CSV data to karlidean_data\2019_NCAA_Womens_Volleyball.csv
2025-09-09 19:23:04.215 | INFO     | __main__:write_csv_file:85 - SUCCESS: CSV data written to karlidean_data\2019_NCAA_Womens_Volleyball.csv
2025-09-09 19:23:04.216 | INFO     | __main__:fetch_csv_file:60 - SUCCESS: CSV file fetched and saved as 2019_NCAA_Womens_Volleyball.csv
2025-09-09 19:41:26.309 | INFO     | utils_logger:<module>:41 - Logging to file: logs\project_log.log
2025-09-09 19:41:26.309 | INFO     | __main__:main:97 - Starting Excel fetch demonstration...
2025-09-09 19:41:26.310 | INFO     | __main__:fetch_excel_file:56 - Fetching Excel data from https://csa.fmcsa.gov/Documents/AccidentRegister1.xlsx...
2025-09-09 19:41:26.337 | ERROR    | __main__:fetch_excel_file:64 - Request error occurred: HTTPSConnectionPool(host='csa.fmcsa.gov', port=443): Max retries exceeded with url: /Documents/AccidentRegister1.xlsx (Caused by NameResolutionError("<urllib3.connection.HTTPSConnection object at 0x000001EE940570E0>: Failed to resolve 'csa.fmcsa.gov' ([Errno 11001] getaddrinfo failed)"))
2025-09-09 19:53:33.016 | INFO     | utils_logger:<module>:41 - Logging to file: logs\project_log.log
2025-09-09 19:53:33.016 | INFO     | __main__:main:97 - Starting text fetch demonstration...
2025-09-09 19:53:33.016 | INFO     | __main__:fetch_txt_file:56 - Fetching text data from https://people.sc.fsu.edu/~jburkardt/datasets/text/genesis.txt...
2025-09-09 19:53:33.689 | INFO     | __main__:write_txt_file:80 - Writing data to karlidean_data\genesis.txt...
2025-09-09 19:53:33.692 | INFO     | __main__:write_txt_file:84 - SUCCESS: Data written to karlidean_data\genesis.txt
2025-09-09 19:53:33.693 | INFO     | __main__:fetch_txt_file:60 - SUCCESS: Text file fetched and saved as genesis.txt
2025-09-09 20:00:37.984 | INFO     | utils_logger:<module>:41 - Logging to file: logs\project_log.log
2025-09-09 20:00:37.984 | INFO     | __main__:main:96 - Starting JSON fetch demonstration...
2025-09-09 20:00:37.985 | INFO     | __main__:fetch_json_file:55 - Fetching JSON data from https://github.com/PirtleShell/constellations/blob/master/constellations.json...
2025-09-09 20:00:38.826 | ERROR    | __main__:fetch_json_file:63 - Request error occurred: Expecting value: line 7 column 1 (char 6)
2025-09-09 20:04:16.044 | INFO     | utils_logger:<module>:41 - Logging to file: logs\project_log.log
2025-09-09 20:04:16.044 | INFO     | __main__:main:96 - Starting JSON fetch demonstration...
2025-09-09 20:04:16.044 | INFO     | __main__:fetch_json_file:55 - Fetching JSON data from https://raw.githubusercontent.com/frostoven/BSC5P-JSON-XYZ/main/catalogs/bsc5p_names.json...
2025-09-09 20:04:16.607 | ERROR    | __main__:fetch_json_file:61 - HTTP error occurred: 404 Client Error: Not Found for url: https://raw.githubusercontent.com/frostoven/BSC5P-JSON-XYZ/main/catalogs/bsc5p_names.json
2025-09-09 20:06:18.982 | INFO     | utils_logger:<module>:41 - Logging to file: logs\project_log.log
2025-09-09 20:06:18.983 | INFO     | __main__:main:96 - Starting JSON fetch demonstration...
2025-09-09 20:06:18.983 | INFO     | __main__:fetch_json_file:55 - Fetching JSON data from https://brettonw.github.io/YaleBrightStarCatalog/bsc5-extra.json...
2025-09-09 20:06:19.584 | ERROR    | __main__:fetch_json_file:61 - HTTP error occurred: 404 Client Error: Not Found for url: https://brettonw.github.io/YaleBrightStarCatalog/bsc5-extra.json
2025-09-09 20:10:06.902 | INFO     | utils_logger:<module>:41 - Logging to file: logs\project_log.log
2025-09-09 20:10:06.903 | INFO     | __main__:main:96 - Starting JSON fetch demonstration...
2025-09-09 20:10:06.903 | INFO     | __main__:fetch_json_file:55 - Fetching JSON data from https://brettonw.github.io/YaleBrightStarCatalog/bsc5.json...
2025-09-09 20:10:07.659 | INFO     | __main__:write_json_file:79 - Writing JSON data to karlidean_data\stars.json...
2025-09-09 20:10:08.148 | INFO     | __main__:write_json_file:83 - SUCCESS: JSON data written to karlidean_data\stars.json
2025-09-09 20:10:08.155 | INFO     | __main__:fetch_json_file:59 - SUCCESS: JSON file fetched and saved as stars.json
2025-09-09 20:19:24.044 | INFO     | utils_logger:<module>:41 - Logging to file: logs\project_log.log
2025-09-09 20:19:24.044 | INFO     | __main__:main:97 - Starting Excel fetch demonstration...
2025-09-09 20:19:24.045 | INFO     | __main__:fetch_excel_file:56 - Fetching Excel data from https://www.w3resource.com/python-exercises/pandas/excel/SaleData.xlsx...
2025-09-09 20:19:24.742 | INFO     | __main__:write_excel_file:80 - Writing Excel data to karlidean_data\sales.xlsx...
2025-09-09 20:19:24.745 | INFO     | __main__:write_excel_file:84 - SUCCESS: Excel data written to karlidean_data\sales.xlsx
2025-09-09 20:19:24.746 | INFO     | __main__:fetch_excel_file:60 - SUCCESS: Excel file fetched and saved as sales.xlsx
2025-09-10 17:54:18.132 | INFO     | utils_logger:<module>:41 - Logging to file: logs\project_log.log
2025-09-10 17:54:18.132 | INFO     | __main__:<module>:77 - Starting Excel processing...
2025-09-10 17:54:18.170 | INFO     | __main__:process_excel_file:70 - Processed Excel file: karlidean_data\sales.xlsx, Word count saved to: karlidean_processed\excel_sales_central_count.txt
2025-09-10 17:54:18.170 | INFO     | __main__:<module>:79 - Excel processing complete.
2025-09-10 18:15:53.075 | INFO     | utils_logger:<module>:41 - Logging to file: logs\project_log.log
2025-09-10 18:16:18.075 | INFO     | utils_logger:<module>:41 - Logging to file: logs\project_log.log
2025-09-10 18:16:18.075 | INFO     | __main__:<module>:90 - Starting CSV processing...
2025-09-10 18:16:18.143 | INFO     | __main__:process_csv_file:83 - Processed CSV file: karlidean_data\2019_NCAA_Womens_Volleyball.csv, Results saved to: karlidean_processed\home_court_advantage.txt
2025-09-10 18:16:18.144 | INFO     | __main__:<module>:92 - CSV processing complete.
2025-09-10 18:42:12.705 | INFO     | utils_logger:<module>:41 - Logging to file: logs\project_log.log
2025-09-10 18:42:12.706 | INFO     | __main__:<module>:132 - Starting JSON processing...
2025-09-10 18:43:09.149 | INFO     | utils_logger:<module>:41 - Logging to file: logs\project_log.log
2025-09-10 18:43:09.150 | INFO     | __main__:<module>:132 - Starting JSON processing...
2025-09-10 18:43:23.922 | INFO     | utils_logger:<module>:41 - Logging to file: logs\project_log.log
2025-09-10 18:43:23.923 | INFO     | __main__:<module>:132 - Starting JSON processing...
2025-09-10 18:43:24.001 | INFO     | __main__:process_json_file:110 - Processed JSON file: karlidean_data\stars.json
2025-09-10 18:43:24.001 | INFO     | __main__:process_json_file:111 - Saved spectral counts to: karlidean_processed\spectral_grouping.txt
2025-09-10 18:50:26.315 | INFO     | utils_logger:<module>:41 - Logging to file: logs\project_log.log
2025-09-10 18:50:26.315 | INFO     | __main__:<module>:122 - Starting star JSON processing...
2025-09-10 18:50:26.389 | INFO     | __main__:process_json_file:115 - Processed JSON file: karlidean_data\stars.json, results saved to: karlidean_processed\stars_by_spectral_group.txt
2025-09-10 18:50:26.389 | INFO     | __main__:<module>:124 - Processing complete.
2025-09-10 18:58:35.367 | INFO     | utils_logger:<module>:41 - Logging to file: logs\project_log.log
2025-09-10 18:58:35.367 | INFO     | __main__:<module>:65 - Starting text processing...
2025-09-10 18:58:35.369 | INFO     | __main__:process_text_file:58 - Processed text file: karlidean_data\genesis.txt, Word count saved to: karlidean_processed\text_God_word_count.txt
2025-09-10 18:58:35.369 | INFO     | __main__:<module>:67 - Text processing complete.
2025-09-10 19:09:06.281 | INFO     | utils_logger:<module>:41 - Logging to file: logs\project_log.log
2025-09-10 19:09:06.282 | INFO     | __main__:main:54 - Starting Project 3
2025-09-10 19:09:06.282 | INFO     | __main__:fetch_todos:9 - Fetching https://jsonplaceholder.typicode.com/todos
2025-09-10 19:09:07.406 | INFO     | __main__:process_todos:15 - Processing data
2025-09-10 19:09:07.481 | INFO     | __main__:main:64 - Wrote 200 rows to data/
2025-09-10 19:09:07.481 | INFO     | __main__:main:65 - Done.
2025-09-11 16:57:53.935 | INFO     | utils_logger:<module>:41 - Logging to file: logs\project_log.log
2025-09-11 16:59:51.804 | INFO     | utils_logger:<module>:41 - Logging to file: logs\project_log.log
2025-09-11 17:02:12.423 | INFO     | utils_logger:<module>:41 - Logging to file: logs\project_log.log
2025-09-11 17:06:35.693 | INFO     | utils_logger:<module>:41 - Logging to file: logs\project_log.log
2025-09-11 17:06:59.554 | INFO     | utils_logger:<module>:41 - Logging to file: logs\project_log.log
2025-09-11 17:44:34.032 | INFO     | utils_logger:<module>:41 - Logging to file: logs\project_log.log
2025-09-11 17:44:34.033 | INFO     | __main__:main:84 - Initializing Combined Runner for all scripts...
2025-09-11 17:44:34.034 | INFO     | __main__:main:103 - (%d/%d) %s
2025-09-11 17:44:34.034 | INFO     | __main__:run_script:68 - Initializing Script Run for karlidean_get_csv.py
2025-09-11 17:44:34.035 | INFO     | __main__:run_script:70 - Running karlidean_get_csv.py ...
2025-09-11 17:44:35.121 | INFO     | utils_logger:<module>:41 - Logging to file: logs\project_log.log
2025-09-11 17:44:35.122 | INFO     | __main__:main:99 - Starting CSV fetch demonstration...
2025-09-11 17:44:35.122 | INFO     | __main__:fetch_csv_file:56 - Fetching CSV data from https://raw.githubusercontent.com/openvolley/R_workshop_2022/refs/heads/master/example_data/NCAA_D1W_2019.csv...
2025-09-11 17:44:36.091 | INFO     | __main__:write_csv_file:81 - Writing CSV data to karlidean_data\2019_NCAA_Womens_Volleyball.csv
2025-09-11 17:44:36.109 | INFO     | __main__:write_csv_file:85 - SUCCESS: CSV data written to karlidean_data\2019_NCAA_Womens_Volleyball.csv
2025-09-11 17:44:36.110 | INFO     | __main__:fetch_csv_file:60 - SUCCESS: CSV file fetched and saved as 2019_NCAA_Womens_Volleyball.csv
2025-09-11 17:44:36.155 | INFO     | __main__:run_script:74 - Completed karlidean_get_csv.py (exit code 0).
2025-09-11 17:44:36.156 | INFO     | __main__:main:112 - Waiting %d seconds before next script...
2025-09-11 17:44:46.156 | INFO     | __main__:main:103 - (%d/%d) %s
2025-09-11 17:44:46.157 | INFO     | __main__:run_script:68 - Initializing Script Run for karlidean_get_excel.py
2025-09-11 17:44:46.158 | INFO     | __main__:run_script:70 - Running karlidean_get_excel.py ...
2025-09-11 17:44:46.782 | INFO     | utils_logger:<module>:41 - Logging to file: logs\project_log.log
2025-09-11 17:44:46.783 | INFO     | __main__:main:97 - Starting Excel fetch demonstration...
2025-09-11 17:44:46.783 | INFO     | __main__:fetch_excel_file:56 - Fetching Excel data from https://www.w3resource.com/python-exercises/pandas/excel/SaleData.xlsx...
2025-09-11 17:44:47.353 | INFO     | __main__:write_excel_file:80 - Writing Excel data to karlidean_data\sales.xlsx...
2025-09-11 17:44:47.356 | INFO     | __main__:write_excel_file:84 - SUCCESS: Excel data written to karlidean_data\sales.xlsx
2025-09-11 17:44:47.357 | INFO     | __main__:fetch_excel_file:60 - SUCCESS: Excel file fetched and saved as sales.xlsx
2025-09-11 17:44:47.408 | INFO     | __main__:run_script:74 - Completed karlidean_get_excel.py (exit code 0).
2025-09-11 17:44:47.409 | INFO     | __main__:main:112 - Waiting %d seconds before next script...
2025-09-11 17:44:57.410 | INFO     | __main__:main:103 - (%d/%d) %s
2025-09-11 17:44:57.411 | INFO     | __main__:run_script:68 - Initializing Script Run for karlidean_get_json.py
2025-09-11 17:44:57.412 | INFO     | __main__:run_script:70 - Running karlidean_get_json.py ...
2025-09-11 17:44:58.057 | INFO     | utils_logger:<module>:41 - Logging to file: logs\project_log.log
2025-09-11 17:44:58.057 | INFO     | __main__:main:96 - Starting JSON fetch demonstration...
2025-09-11 17:44:58.058 | INFO     | __main__:fetch_json_file:55 - Fetching JSON data from https://brettonw.github.io/YaleBrightStarCatalog/bsc5.json...
2025-09-11 17:44:59.307 | INFO     | __main__:write_json_file:79 - Writing JSON data to karlidean_data\stars.json...
2025-09-11 17:44:59.798 | INFO     | __main__:write_json_file:83 - SUCCESS: JSON data written to karlidean_data\stars.json
2025-09-11 17:44:59.805 | INFO     | __main__:fetch_json_file:59 - SUCCESS: JSON file fetched and saved as stars.json
2025-09-11 17:44:59.847 | INFO     | __main__:run_script:74 - Completed karlidean_get_json.py (exit code 0).
2025-09-11 17:44:59.848 | INFO     | __main__:main:112 - Waiting %d seconds before next script...
2025-09-11 17:45:09.849 | INFO     | __main__:main:103 - (%d/%d) %s
2025-09-11 17:45:09.850 | INFO     | __main__:run_script:68 - Initializing Script Run for karlidean_get_text.py
2025-09-11 17:45:09.851 | INFO     | __main__:run_script:70 - Running karlidean_get_text.py ...
2025-09-11 17:45:10.486 | INFO     | utils_logger:<module>:41 - Logging to file: logs\project_log.log
2025-09-11 17:45:10.486 | INFO     | __main__:main:97 - Starting text fetch demonstration...
2025-09-11 17:45:10.487 | INFO     | __main__:fetch_txt_file:56 - Fetching text data from https://people.sc.fsu.edu/~jburkardt/datasets/text/genesis.txt...
2025-09-11 17:45:11.329 | INFO     | __main__:write_txt_file:80 - Writing data to karlidean_data\genesis.txt...
2025-09-11 17:45:11.332 | INFO     | __main__:write_txt_file:84 - SUCCESS: Data written to karlidean_data\genesis.txt
2025-09-11 17:45:11.333 | INFO     | __main__:fetch_txt_file:60 - SUCCESS: Text file fetched and saved as genesis.txt
2025-09-11 17:45:11.372 | INFO     | __main__:run_script:74 - Completed karlidean_get_text.py (exit code 0).
2025-09-11 17:45:11.373 | INFO     | __main__:main:112 - Waiting %d seconds before next script...
2025-09-11 17:45:21.374 | INFO     | __main__:main:103 - (%d/%d) %s
2025-09-11 17:45:21.375 | INFO     | __main__:run_script:68 - Initializing Script Run for karlidean_process_csv.py
2025-09-11 17:45:21.376 | INFO     | __main__:run_script:70 - Running karlidean_process_csv.py ...
2025-09-11 17:45:21.790 | INFO     | utils_logger:<module>:41 - Logging to file: logs\project_log.log
2025-09-11 17:45:21.791 | INFO     | __main__:<module>:90 - Starting CSV processing...
2025-09-11 17:45:21.886 | INFO     | __main__:process_csv_file:83 - Processed CSV file: karlidean_data\2019_NCAA_Womens_Volleyball.csv, Results saved to: karlidean_processed\home_court_advantage.txt
2025-09-11 17:45:21.887 | INFO     | __main__:<module>:92 - CSV processing complete.
2025-09-11 17:45:21.907 | INFO     | __main__:run_script:74 - Completed karlidean_process_csv.py (exit code 0).
2025-09-11 17:45:21.908 | INFO     | __main__:main:112 - Waiting %d seconds before next script...
2025-09-11 17:45:31.908 | INFO     | __main__:main:103 - (%d/%d) %s
2025-09-11 17:45:31.910 | INFO     | __main__:run_script:68 - Initializing Script Run for karlidean_process_excel.py
2025-09-11 17:45:31.910 | INFO     | __main__:run_script:70 - Running karlidean_process_excel.py ...
2025-09-11 17:45:33.854 | INFO     | utils_logger:<module>:41 - Logging to file: logs\project_log.log
2025-09-11 17:45:33.854 | INFO     | __main__:<module>:77 - Starting Excel processing...
2025-09-11 17:45:33.902 | INFO     | __main__:process_excel_file:70 - Processed Excel file: karlidean_data\sales.xlsx, Word count saved to: karlidean_processed\excel_sales_central_count.txt
2025-09-11 17:45:33.902 | INFO     | __main__:<module>:79 - Excel processing complete.
2025-09-11 17:45:33.961 | INFO     | __main__:run_script:74 - Completed karlidean_process_excel.py (exit code 0).
2025-09-11 17:45:33.961 | INFO     | __main__:main:112 - Waiting %d seconds before next script...
2025-09-11 17:45:43.962 | INFO     | __main__:main:103 - (%d/%d) %s
2025-09-11 17:45:43.963 | INFO     | __main__:run_script:68 - Initializing Script Run for karlidean_process_json.py
2025-09-11 17:45:43.964 | INFO     | __main__:run_script:70 - Running karlidean_process_json.py ...
2025-09-11 17:45:44.395 | INFO     | utils_logger:<module>:41 - Logging to file: logs\project_log.log
2025-09-11 17:45:44.395 | INFO     | __main__:<module>:122 - Starting star JSON processing...
2025-09-11 17:45:44.488 | INFO     | __main__:process_json_file:115 - Processed JSON file: karlidean_data\stars.json, results saved to: karlidean_processed\stars_by_spectral_group.txt
2025-09-11 17:45:44.489 | INFO     | __main__:<module>:124 - Processing complete.
2025-09-11 17:45:44.509 | INFO     | __main__:run_script:74 - Completed karlidean_process_json.py (exit code 0).
2025-09-11 17:45:44.510 | INFO     | __main__:main:112 - Waiting %d seconds before next script...
2025-09-11 17:45:54.510 | INFO     | __main__:main:103 - (%d/%d) %s
2025-09-11 17:45:54.512 | INFO     | __main__:run_script:68 - Initializing Script Run for karlidean_process_text.py
2025-09-11 17:45:54.512 | INFO     | __main__:run_script:70 - Running karlidean_process_text.py ...
2025-09-11 17:45:54.861 | INFO     | utils_logger:<module>:41 - Logging to file: logs\project_log.log
2025-09-11 17:45:54.861 | INFO     | __main__:<module>:65 - Starting text processing...
2025-09-11 17:45:54.879 | INFO     | __main__:process_text_file:58 - Processed text file: karlidean_data\genesis.txt, Word count saved to: karlidean_processed\text_God_word_count.txt
2025-09-11 17:45:54.880 | INFO     | __main__:<module>:67 - Text processing complete.
2025-09-11 17:45:54.909 | INFO     | __main__:run_script:74 - Completed karlidean_process_text.py (exit code 0).
2025-09-11 17:45:54.909 | INFO     | __main__:main:121 - All scripts ran successfully.
